#
# A fatal error has been detected by the Java Runtime Environment:
#
#  EXCEPTION_ACCESS_VIOLATION (0xc0000005) at pc=0x00007ffaad4b81f9, pid=3912, tid=0x0000000000001724
#
# JRE version: Java(TM) SE Runtime Environment (8.0_121-b13) (build 1.8.0_121-b13)
# Java VM: Java HotSpot(TM) 64-Bit Server VM (25.121-b13 mixed mode windows-amd64 compressed oops)
# Problematic frame:
# C  [glfw.dll+0x81f9]
#
# Failed to write core dump. Minidumps are not enabled by default on client versions of Windows
#
# If you would like to submit a bug report, please visit:
#   http://bugreport.java.com/bugreport/crash.jsp
# The crash happened outside the Java Virtual Machine in native code.
# See problematic frame for where to report the bug.
#

---------------  T H R E A D  ---------------

Current thread (0x0000000002cae000):  JavaThread "main" [_thread_in_native, id=5924, stack(0x0000000002af0000,0x0000000002bf0000)]

siginfo: ExceptionCode=0xc0000005, reading address 0x000000000000038f

Registers:
RAX=0x000067ba9aaa506d, RBX=0x000000001749b580, RCX=0x000000000000006f, RDX=0x0000000000000000
RSP=0x0000000002bee9d0, RBP=0x0000000002beeac0, RSI=0x0000000000000108, RDI=0x00000000000002eb
R8 =0x0000000000000000, R9 =0x000000000000006f, R10=0x0000000002dc7f48, R11=0x0000000073ddb820
R12=0x0000000000000000, R13=0x000000001749b580, R14=0x0000000002beeb18, R15=0x0000000002cae000
RIP=0x00007ffaad4b81f9, EFLAGS=0x0000000000010202

Top of Stack: (sp=0x0000000002bee9d0)
0x0000000002bee9d0:   0000000000000000 0000000002e116a0
0x0000000002bee9e0:   0000000000000400 0000000002bee9f8
0x0000000002bee9f0:   0000000002beea70 0000000000000000
0x0000000002beea00:   000067ba9aaa506d 0000000000000000
0x0000000002beea10:   00000000000002eb 0000000002dc7f74
0x0000000002beea20:   0000000000000000 0000000002beebc0
0x0000000002beea30:   0000000000000000 000000001749b580
0x0000000002beea40:   0000000000000000 0000000000000000
0x0000000002beea50:   0000000000000000 00007ffaacb1f9a0
0x0000000002beea60:   0000000002beeac0 0000000000000000
0x0000000002beea70:   0000000000000000 00000000d5d2e6d8
0x0000000002beea80:   0000000002beea80 0000000000000000
0x0000000002beea90:   0000000002beeb18 00000000174b6b90
0x0000000002beeaa0:   0000000000000000 000000001749b580
0x0000000002beeab0:   0000000000000000 0000000002beeae0
0x0000000002beeac0:   0000000002beeb60 0000000002db835d 

Instructions: (pc=0x00007ffaad4b81f9)
0x00007ffaad4b81d9:   48 83 c4 20 5f c3 cc 48 89 5c 24 20 57 48 83 ec
0x00007ffaad4b81e9:   40 48 8b 05 2f c2 02 00 48 33 c4 48 89 44 24 30
0x00007ffaad4b81f9:   48 8b 89 20 03 00 00 48 8b fa 48 8d 54 24 20 49
0x00007ffaad4b8209:   8b d8 ff 15 77 b1 01 00 48 85 ff 74 06 8b 44 24 


Register to memory mapping:

RAX=0x000067ba9aaa506d is an unknown value
RBX={method} {0x000000001749b588} 'invokePPPV' '(JJJJ)V' in 'org/lwjgl/system/JNI'
RCX=0x000000000000006f is an unknown value
RDX=0x0000000000000000 is an unknown value
RSP=0x0000000002bee9d0 is pointing into the stack for thread: 0x0000000002cae000
RBP=0x0000000002beeac0 is pointing into the stack for thread: 0x0000000002cae000
RSI=0x0000000000000108 is an unknown value
RDI=0x00000000000002eb is an unknown value
R8 =0x0000000000000000 is an unknown value
R9 =0x000000000000006f is an unknown value
R10=0x0000000002dc7f48 is at code_begin+840 in an Interpreter codelet
method entry point (kind = native)  [0x0000000002dc7c00, 0x0000000002dc8560]  2400 bytes
R11=0x0000000073ddb820 is an unknown value
R12=0x0000000000000000 is an unknown value
R13={method} {0x000000001749b588} 'invokePPPV' '(JJJJ)V' in 'org/lwjgl/system/JNI'
R14=0x0000000002beeb18 is pointing into the stack for thread: 0x0000000002cae000
R15=0x0000000002cae000 is a thread


Stack: [0x0000000002af0000,0x0000000002bf0000],  sp=0x0000000002bee9d0,  free space=1018k
Native frames: (J=compiled Java code, j=interpreted, Vv=VM code, C=native code)
C  [glfw.dll+0x81f9]
C  0x0000000002dc7f74

Java frames: (J=compiled Java code, j=interpreted, Vv=VM code)
j  org.lwjgl.system.JNI.invokePPPV(JJJJ)V+0
j  org.lwjgl.glfw.GLFW.nglfwGetWindowSize(JJJ)V+22
j  org.lwjgl.glfw.GLFW.glfwGetWindowSize(JLjava/nio/IntBuffer;Ljava/nio/IntBuffer;)V+25
j  net.codepixl.t2de.T2DE.loop()V+49
j  net.codepixl.t2de.T2DE.run()V+264
j  net.codepixl.t2de.T2DE.main([Ljava/lang/String;)V+7
v  ~StubRoutines::call_stub
j  sun.reflect.NativeMethodAccessorImpl.invoke0(Ljava/lang/reflect/Method;Ljava/lang/Object;[Ljava/lang/Object;)Ljava/lang/Object;+0
j  sun.reflect.NativeMethodAccessorImpl.invoke(Ljava/lang/Object;[Ljava/lang/Object;)Ljava/lang/Object;+100
j  sun.reflect.DelegatingMethodAccessorImpl.invoke(Ljava/lang/Object;[Ljava/lang/Object;)Ljava/lang/Object;+6
j  java.lang.reflect.Method.invoke(Ljava/lang/Object;[Ljava/lang/Object;)Ljava/lang/Object;+56
j  com.intellij.rt.execution.application.AppMain.main([Ljava/lang/String;)V+170
v  ~StubRoutines::call_stub

---------------  P R O C E S S  ---------------

Java Threads: ( => current thread )
  0x00000000192d1800 JavaThread "Monitor Ctrl-Break" daemon [_thread_in_native, id=10144, stack(0x0000000019890000,0x0000000019990000)]
  0x0000000019196000 JavaThread "Service Thread" daemon [_thread_blocked, id=3728, stack(0x0000000019690000,0x0000000019790000)]
  0x0000000019190800 JavaThread "C1 CompilerThread2" daemon [_thread_blocked, id=4484, stack(0x0000000019590000,0x0000000019690000)]
  0x0000000017932800 JavaThread "C2 CompilerThread1" daemon [_thread_blocked, id=1432, stack(0x0000000019090000,0x0000000019190000)]
  0x000000001792e000 JavaThread "C2 CompilerThread0" daemon [_thread_blocked, id=10468, stack(0x0000000018f90000,0x0000000019090000)]
  0x000000001792c800 JavaThread "Attach Listener" daemon [_thread_blocked, id=10812, stack(0x0000000018e90000,0x0000000018f90000)]
  0x000000001792b000 JavaThread "Signal Dispatcher" daemon [_thread_blocked, id=7416, stack(0x0000000018d90000,0x0000000018e90000)]
  0x0000000002dad800 JavaThread "Finalizer" daemon [_thread_blocked, id=6504, stack(0x0000000018ba0000,0x0000000018ca0000)]
  0x0000000002da2000 JavaThread "Reference Handler" daemon [_thread_blocked, id=8652, stack(0x0000000018aa0000,0x0000000018ba0000)]
=>0x0000000002cae000 JavaThread "main" [_thread_in_native, id=5924, stack(0x0000000002af0000,0x0000000002bf0000)]

Other Threads:
  0x00000000178f6800 VMThread [stack: 0x00000000189a0000,0x0000000018aa0000] [id=12788]
  0x00000000191ca800 WatcherThread [stack: 0x0000000019790000,0x0000000019890000] [id=4164]

VM state:not at safepoint (normal execution)

VM Mutex/Monitor currently owned by a thread: None

Heap:
 PSYoungGen      total 38400K, used 12764K [0x00000000d5b80000, 0x00000000d8600000, 0x0000000100000000)
  eden space 33280K, 38% used [0x00000000d5b80000,0x00000000d67f7038,0x00000000d7c00000)
  from space 5120K, 0% used [0x00000000d8100000,0x00000000d8100000,0x00000000d8600000)
  to   space 5120K, 0% used [0x00000000d7c00000,0x00000000d7c00000,0x00000000d8100000)
 ParOldGen       total 87552K, used 0K [0x0000000081200000, 0x0000000086780000, 0x00000000d5b80000)
  object space 87552K, 0% used [0x0000000081200000,0x0000000081200000,0x0000000086780000)
 Metaspace       used 8468K, capacity 8629K, committed 8832K, reserved 1056768K
  class space    used 758K, capacity 840K, committed 896K, reserved 1048576K

Card table byte_map: [0x0000000012170000,0x0000000012570000] byte_map_base: 0x0000000011d67000

Marking Bits: (ParMarkBitMap*) 0x00000000743cb6d0
 Begin Bits: [0x0000000012c20000, 0x0000000014bd8000)
 End Bits:   [0x0000000014bd8000, 0x0000000016b90000)

Polling page: 0x0000000000f00000

CodeCache: size=245760Kb used=2676Kb max_used=2676Kb free=243083Kb
 bounds [0x0000000002db0000, 0x0000000003050000, 0x0000000011db0000]
 total_blobs=1390 nmethods=606 adapters=697
 compilation: enabled

Compilation events (10 events):
Event: 0.978 Thread 0x0000000019190800 nmethod 594 0x0000000003049810 code [0x00000000030499e0, 0x000000000304a458]
Event: 0.978 Thread 0x0000000019190800  595       3       sun.reflect.UnsafeFieldAccessorImpl::ensureObj (23 bytes)
Event: 0.978 Thread 0x0000000019190800 nmethod 595 0x000000000304a850 code [0x000000000304aa20, 0x000000000304b378]
Event: 0.978 Thread 0x0000000019190800  596       3       org.lwjgl.system.CustomBuffer::checkIndex (22 bytes)
Event: 0.978 Thread 0x0000000019190800 nmethod 596 0x000000000304b690 code [0x000000000304b800, 0x000000000304ba88]
Event: 0.978 Thread 0x0000000019190800  601   !   3       java.lang.ref.Finalizer::add (41 bytes)
Event: 0.979 Thread 0x0000000019190800 nmethod 601 0x000000000304bb90 code [0x000000000304bd00, 0x000000000304c0b0]
Event: 0.979 Thread 0x0000000019190800  602       3       java.nio.CharBuffer::arrayOffset (35 bytes)
Event: 0.979 Thread 0x0000000019190800 nmethod 602 0x000000000304c1d0 code [0x000000000304c360, 0x000000000304c678]
Event: 0.979 Thread 0x0000000019190800  605       3       java.util.Random::nextInt (74 bytes)

GC Heap History (0 events):
No events

Deoptimization events (1 events):
Event: 0.171 Thread 0x0000000002cae000 Uncommon trap: reason=unstable_if action=reinterpret pc=0x0000000002ed52f8 method=java.lang.String.hashCode()I @ 14

Internal exceptions (10 events):
Event: 0.270 Thread 0x0000000002cae000 Exception <a 'java/security/PrivilegedActionException'> (0x00000000d6004fb0) thrown at [C:\re\workspace\8-2-build-windows-amd64-cygwin\jdk8u121\8372\hotspot\src\share\vm\prims\jvm.cpp, line 1390]
Event: 0.270 Thread 0x0000000002cae000 Exception <a 'java/security/PrivilegedActionException'> (0x00000000d60053a8) thrown at [C:\re\workspace\8-2-build-windows-amd64-cygwin\jdk8u121\8372\hotspot\src\share\vm\prims\jvm.cpp, line 1390]
Event: 0.270 Thread 0x0000000002cae000 Exception <a 'java/security/PrivilegedActionException'> (0x00000000d60094a0) thrown at [C:\re\workspace\8-2-build-windows-amd64-cygwin\jdk8u121\8372\hotspot\src\share\vm\prims\jvm.cpp, line 1390]
Event: 0.270 Thread 0x0000000002cae000 Exception <a 'java/security/PrivilegedActionException'> (0x00000000d6009898) thrown at [C:\re\workspace\8-2-build-windows-amd64-cygwin\jdk8u121\8372\hotspot\src\share\vm\prims\jvm.cpp, line 1390]
Event: 0.722 Thread 0x0000000002cae000 Exception <a 'sun/nio/fs/WindowsException'> (0x00000000d61ee768) thrown at [C:\re\workspace\8-2-build-windows-amd64-cygwin\jdk8u121\8372\hotspot\src\share\vm\prims\jni.cpp, line 709]
Event: 0.722 Thread 0x0000000002cae000 Exception <a 'sun/nio/fs/WindowsException'> (0x00000000d61eef50) thrown at [C:\re\workspace\8-2-build-windows-amd64-cygwin\jdk8u121\8372\hotspot\src\share\vm\prims\jni.cpp, line 709]
Event: 0.723 Thread 0x0000000002cae000 Exception <a 'sun/nio/fs/WindowsException'> (0x00000000d61f0c60) thrown at [C:\re\workspace\8-2-build-windows-amd64-cygwin\jdk8u121\8372\hotspot\src\share\vm\prims\jni.cpp, line 709]
Event: 0.723 Thread 0x0000000002cae000 Exception <a 'sun/nio/fs/WindowsException'> (0x00000000d61f1188) thrown at [C:\re\workspace\8-2-build-windows-amd64-cygwin\jdk8u121\8372\hotspot\src\share\vm\prims\jni.cpp, line 709]
Event: 0.723 Thread 0x0000000002cae000 Exception <a 'sun/nio/fs/WindowsException'> (0x00000000d61f1b60) thrown at [C:\re\workspace\8-2-build-windows-amd64-cygwin\jdk8u121\8372\hotspot\src\share\vm\prims\jni.cpp, line 709]
Event: 0.724 Thread 0x0000000002cae000 Exception <a 'sun/nio/fs/WindowsException'> (0x00000000d61f1ff0) thrown at [C:\re\workspace\8-2-build-windows-amd64-cygwin\jdk8u121\8372\hotspot\src\share\vm\prims\jni.cpp, line 709]

Events (10 events):
Event: 0.976 loading class net/codepixl/t2de/world/WorldManager
Event: 0.976 loading class net/codepixl/t2de/world/WorldManager done
Event: 0.976 loading class java/util/Random
Event: 0.976 loading class java/util/Random done
Event: 0.977 loading class net/codepixl/t2de/world/tile/Tile
Event: 0.977 loading class net/codepixl/t2de/world/tile/Tile done
Event: 0.977 loading class net/codepixl/t2de/world/tile/ColorTile
Event: 0.977 loading class net/codepixl/t2de/world/tile/ColorTile done
Event: 0.978 loading class net/codepixl/t2de/util/Color4f
Event: 0.978 loading class net/codepixl/t2de/util/Color4f done


Dynamic libraries:
0x00007ff732ce0000 - 0x00007ff732d17000 	C:\Program Files\Java\jdk1.8.0_121\bin\java.exe
0x00007ffabb3d0000 - 0x00007ffabb5a1000 	C:\Windows\SYSTEM32\ntdll.dll
0x00007ffab8f40000 - 0x00007ffab8feb000 	C:\Windows\System32\KERNEL32.DLL
0x00007ffab8450000 - 0x00007ffab866d000 	C:\Windows\System32\KERNELBASE.dll
0x00007ffab8d90000 - 0x00007ffab8e32000 	C:\Windows\System32\ADVAPI32.dll
0x00007ffabb170000 - 0x00007ffabb20e000 	C:\Windows\System32\msvcrt.dll
0x00007ffab8e40000 - 0x00007ffab8e99000 	C:\Windows\System32\sechost.dll
0x00007ffabb2a0000 - 0x00007ffabb3c1000 	C:\Windows\System32\RPCRT4.dll
0x00007ffabab50000 - 0x00007ffabacb5000 	C:\Windows\System32\USER32.dll
0x00007ffab8290000 - 0x00007ffab82ae000 	C:\Windows\System32\win32u.dll
0x00007ffab9050000 - 0x00007ffab9084000 	C:\Windows\System32\GDI32.dll
0x00007ffab86d0000 - 0x00007ffab8852000 	C:\Windows\System32\gdi32full.dll
0x00007ffaa18e0000 - 0x00007ffaa1b59000 	C:\Windows\WinSxS\amd64_microsoft.windows.common-controls_6595b64144ccf1df_6.0.14393.447_none_42191651c6827bb3\COMCTL32.dll
0x00007ffab9090000 - 0x00007ffab9358000 	C:\Windows\System32\combase.dll
0x00007ffab82b0000 - 0x00007ffab83a5000 	C:\Windows\System32\ucrtbase.dll
0x00007ffab78c0000 - 0x00007ffab792a000 	C:\Windows\System32\bcryptPrimitives.dll
0x00007ffabacc0000 - 0x00007ffabacee000 	C:\Windows\System32\IMM32.DLL
0x0000000074450000 - 0x0000000074522000 	C:\Program Files\Java\jdk1.8.0_121\jre\bin\msvcr100.dll
0x0000000073bb0000 - 0x000000007444b000 	C:\Program Files\Java\jdk1.8.0_121\jre\bin\server\jvm.dll
0x00007ffabb160000 - 0x00007ffabb168000 	C:\Windows\System32\PSAPI.DLL
0x00007ffa8eb90000 - 0x00007ffa8eb99000 	C:\Windows\SYSTEM32\WSOCK32.dll
0x00007ffaba970000 - 0x00007ffaba9da000 	C:\Windows\System32\WS2_32.dll
0x00007ffab5880000 - 0x00007ffab58a3000 	C:\Windows\SYSTEM32\WINMM.dll
0x00007ffaab370000 - 0x00007ffaab37a000 	C:\Windows\SYSTEM32\VERSION.dll
0x00007ffab5820000 - 0x00007ffab584b000 	C:\Windows\SYSTEM32\WINMMBASE.dll
0x00007ffab8860000 - 0x00007ffab88a2000 	C:\Windows\System32\cfgmgr32.dll
0x0000000073ba0000 - 0x0000000073baf000 	C:\Program Files\Java\jdk1.8.0_121\jre\bin\verify.dll
0x0000000073b70000 - 0x0000000073b99000 	C:\Program Files\Java\jdk1.8.0_121\jre\bin\java.dll
0x0000000073b50000 - 0x0000000073b66000 	C:\Program Files\Java\jdk1.8.0_121\jre\bin\zip.dll
0x00007ffab9460000 - 0x00007ffaba969000 	C:\Windows\System32\SHELL32.dll
0x00007ffab79e0000 - 0x00007ffab80ba000 	C:\Windows\System32\windows.storage.dll
0x00007ffab7860000 - 0x00007ffab78ac000 	C:\Windows\System32\powrprof.dll
0x00007ffabadc0000 - 0x00007ffabae12000 	C:\Windows\System32\shlwapi.dll
0x00007ffab7850000 - 0x00007ffab785f000 	C:\Windows\System32\kernel.appcore.dll
0x00007ffab7930000 - 0x00007ffab79d9000 	C:\Windows\System32\shcore.dll
0x00007ffab7830000 - 0x00007ffab7844000 	C:\Windows\System32\profapi.dll
0x00007ffab59a0000 - 0x00007ffab59b0000 	C:\Users\aaron\AppData\Local\JetBrains\Toolbox\apps\IDEA-U\ch-0\163.12024.16\bin\breakgen64.dll
0x0000000073b30000 - 0x0000000073b4a000 	C:\Program Files\Java\jdk1.8.0_121\jre\bin\net.dll
0x00007ffab7160000 - 0x00007ffab71bc000 	C:\Windows\system32\mswsock.dll
0x0000000073b10000 - 0x0000000073b21000 	C:\Program Files\Java\jdk1.8.0_121\jre\bin\nio.dll
0x00007ffaad610000 - 0x00007ffaad667000 	C:\Users\aaron\AppData\Local\Temp\lwjglaaron\3.1.1-build-16\lwjgl.dll
0x00007ffab7300000 - 0x00007ffab730b000 	C:\Windows\SYSTEM32\CRYPTBASE.DLL
0x00007ffaadd40000 - 0x00007ffaadd7e000 	C:\Users\aaron\AppData\Local\Temp\lwjglaaron\3.1.1-build-16\jemalloc.dll
0x00007ffaad4b0000 - 0x00007ffaad4ec000 	C:\Users\aaron\AppData\Local\Temp\lwjglaaron\3.1.1-build-16\glfw.dll
0x00007ffab5ea0000 - 0x00007ffab5f35000 	C:\Windows\system32\uxtheme.dll
0x00007ffaaceb0000 - 0x00007ffaacef0000 	C:\Windows\SYSTEM32\dinput8.dll
0x00007ffab2000000 - 0x00007ffab200e000 	C:\Windows\SYSTEM32\xinput1_4.dll
0x00007ffab6410000 - 0x00007ffab6438000 	C:\Windows\SYSTEM32\DEVOBJ.dll
0x00007ffab4f70000 - 0x00007ffab4f96000 	C:\Windows\SYSTEM32\dwmapi.dll
0x00007ffa9a2c0000 - 0x00007ffa9a358000 	C:\Program Files\Common Files\microsoft shared\ink\tiptsf.dll
0x00007ffabacf0000 - 0x00007ffabadaf000 	C:\Windows\System32\OLEAUT32.dll
0x00007ffab83b0000 - 0x00007ffab844c000 	C:\Windows\System32\msvcp_win.dll
0x00007ffab6720000 - 0x00007ffab672c000 	C:\Windows\SYSTEM32\HID.DLL
0x00007ffab8960000 - 0x00007ffab8d89000 	C:\Windows\System32\SETUPAPI.DLL
0x00007ffab8670000 - 0x00007ffab86c5000 	C:\Windows\System32\WINTRUST.dll
0x00007ffab78b0000 - 0x00007ffab78c0000 	C:\Windows\System32\MSASN1.dll
0x00007ffab80c0000 - 0x00007ffab8289000 	C:\Windows\System32\CRYPT32.dll
0x00007ffaba9f0000 - 0x00007ffabab4b000 	C:\Windows\System32\MSCTF.dll
0x00007ffa99650000 - 0x00007ffa99773000 	C:\Windows\SYSTEM32\opengl32.dll
0x00007ffaa1020000 - 0x00007ffaa1117000 	C:\Windows\SYSTEM32\DDRAW.dll
0x00007ffaad480000 - 0x00007ffaad4ad000 	C:\Windows\SYSTEM32\GLU32.dll
0x00007ffab1fc0000 - 0x00007ffab1fc8000 	C:\Windows\SYSTEM32\DCIMAN32.dll
0x00007ffa65e20000 - 0x00007ffa66b2f000 	C:\Windows\SYSTEM32\ig9icd64.dll
0x00007ffab2050000 - 0x00007ffab2ec3000 	C:\Windows\SYSTEM32\igc64.dll
0x00007ffab5a50000 - 0x00007ffab5a63000 	C:\Windows\SYSTEM32\WTSAPI32.dll
0x00007ffaacb10000 - 0x00007ffaacb6f000 	C:\Users\aaron\AppData\Local\Temp\lwjglaaron\3.1.1-build-16\lwjgl_opengl.dll
0x00007ffab4910000 - 0x00007ffab4aa2000 	C:\Windows\SYSTEM32\dbghelp.dll

VM Arguments:
jvm_args: -Didea.launcher.port=7533 -Didea.launcher.bin.path=C:\Users\aaron\AppData\Local\JetBrains\Toolbox\apps\IDEA-U\ch-0\163.12024.16\bin -Dfile.encoding=UTF-8 
java_command: com.intellij.rt.execution.application.AppMain net.codepixl.t2de.T2DE
java_class_path (initial): C:\Program Files\Java\jdk1.8.0_121\jre\lib\charsets.jar;C:\Program Files\Java\jdk1.8.0_121\jre\lib\deploy.jar;C:\Program Files\Java\jdk1.8.0_121\jre\lib\ext\access-bridge-64.jar;C:\Program Files\Java\jdk1.8.0_121\jre\lib\ext\cldrdata.jar;C:\Program Files\Java\jdk1.8.0_121\jre\lib\ext\dnsns.jar;C:\Program Files\Java\jdk1.8.0_121\jre\lib\ext\jaccess.jar;C:\Program Files\Java\jdk1.8.0_121\jre\lib\ext\jfxrt.jar;C:\Program Files\Java\jdk1.8.0_121\jre\lib\ext\localedata.jar;C:\Program Files\Java\jdk1.8.0_121\jre\lib\ext\nashorn.jar;C:\Program Files\Java\jdk1.8.0_121\jre\lib\ext\sunec.jar;C:\Program Files\Java\jdk1.8.0_121\jre\lib\ext\sunjce_provider.jar;C:\Program Files\Java\jdk1.8.0_121\jre\lib\ext\sunmscapi.jar;C:\Program Files\Java\jdk1.8.0_121\jre\lib\ext\sunpkcs11.jar;C:\Program Files\Java\jdk1.8.0_121\jre\lib\ext\zipfs.jar;C:\Program Files\Java\jdk1.8.0_121\jre\lib\javaws.jar;C:\Program Files\Java\jdk1.8.0_121\jre\lib\jce.jar;C:\Program Files\Java\jdk1.8.0_121\jre\lib\jfr.jar;C:\Program Files\Java\jdk1.8.0_121\jre\lib\jfxswt.jar;C:\Program Files\Java\jdk1.8.0_121\jre\lib\jsse.jar;C:\Program Files\Java\jdk1.8.0_121\jre\lib\management-agent.jar;C:\Program Files\Java\jdk1.8.0_121\jre\lib\plugin.jar;C:\Program Files\Java\jdk1.8.0_121\jre\lib\resources.jar;C:\Program Files\Java\jdk1.8.0_121\jre\lib\rt.jar;C:\Users\aaron\workspace\T2DE\target\classes;C:\Users\aaron\.m2\repository\org\lwjgl\lwjgl\3.1.1\lwjgl-3.1.1.jar;C:\Users\aaron\.m2\repository\org\lwjgl\lwjgl-glfw\3.1.1\lwjgl-glfw-3.1.1.jar;C:\Users\aaron\.m2\repository\org\lwjgl\lwjgl-jemalloc\3.1.1\lwjgl-jemalloc-3.1.1.jar;C:\Users\aaron\.m2\repository\org\lwjgl\lwjgl-openal\3.1.1\lwjgl-openal-3.1.1.jar;C:\Users\aaron\.m2\repository\org\lwjgl\lwjgl-opengl\3.1.1\lwjgl-opengl-3.1.1.jar;C:\Users\aaron\.m2\repository\org\lwjgl\lwjgl-stb\3.1.1\lwjgl-stb-3.1.1.jar;C:\Users\aaron\.m2\repository\org\lwjgl\lwjgl\3.1.1\lwjgl-3.1.1-natives-windows.jar;C:\Users\aaron\.m2\repository\org\lwjgl\lwjgl-gl
Launcher Type: SUN_STANDARD

Environment Variables:
PATH=C:\ProgramData\Oracle\Java\javapath;C:\Windows\system32;C:\Windows;C:\Windows\System32\Wbem;C:\Windows\System32\WindowsPowerShell\v1.0\;C:\Program Files\OpenVPN\bin;C:\Program Files\Git\cmd;C:\Program Files (x86)\GtkSharp\2.12\bin;C:\cygwin64\bin;C:\Users\aaron\AppData\Local\Programs\Python\Python36\Scripts\;C:\Users\aaron\AppData\Local\Programs\Python\Python36\;C:\Users\aaron\AppData\Local\Microsoft\WindowsApps;
USERNAME=aaron
OS=Windows_NT
PROCESSOR_IDENTIFIER=Intel64 Family 6 Model 78 Stepping 3, GenuineIntel



---------------  S Y S T E M  ---------------

OS: Windows 10.0 , 64 bit Build 14393 (10.0.14393.0)

CPU:total 4 (2 cores per cpu, 2 threads per core) family 6 model 78 stepping 3, cmov, cx8, fxsr, mmx, sse, sse2, sse3, ssse3, sse4.1, sse4.2, popcnt, avx, avx2, aes, clmul, erms, rtm, 3dnowpref, lzcnt, ht, tsc, tscinvbit, bmi1, bmi2, adx

Memory: 4k page, physical 8312960k(3198360k free), swap 9623680k(2460288k free)

vm_info: Java HotSpot(TM) 64-Bit Server VM (25.121-b13) for windows-amd64 JRE (1.8.0_121-b13), built on Dec 12 2016 18:21:36 by "java_re" with MS VC++ 10.0 (VS2010)

time: Mon Feb 27 13:58:42 2017
elapsed time: 1 seconds (0d 0h 0m 1s)

