#
# A fatal error has been detected by the Java Runtime Environment:
#
#  EXCEPTION_ACCESS_VIOLATION (0xc0000005) at pc=0x00007ffaac72113c, pid=7804, tid=0x00000000000008e4
#
# JRE version: Java(TM) SE Runtime Environment (8.0_121-b13) (build 1.8.0_121-b13)
# Java VM: Java HotSpot(TM) 64-Bit Server VM (25.121-b13 mixed mode windows-amd64 compressed oops)
# Problematic frame:
# C  [lwjgl_opengl.dll+0x1113c]
#
# Failed to write core dump. Minidumps are not enabled by default on client versions of Windows
#
# If you would like to submit a bug report, please visit:
#   http://bugreport.java.com/bugreport/crash.jsp
# The crash happened outside the Java Virtual Machine in native code.
# See problematic frame for where to report the bug.
#

---------------  T H R E A D  ---------------

Current thread (0x000000000251e000):  JavaThread "main" [_thread_in_native, id=2276, stack(0x0000000002520000,0x0000000002620000)]

siginfo: ExceptionCode=0xc0000005, reading address 0x00000000000040e8

Registers:
RAX=0x000000007434fd50, RBX=0x0000000016e60018, RCX=0x0000000000000000, RDX=0x0000000000000000
RSP=0x000000000261d838, RBP=0x000000000261d8c8, RSI=0x000000000251e000, RDI=0x0000000002727da0
R8 =0x0000000000000258, R9 =0x0000000000000258, R10=0x0000000000000000, R11=0x0000000073ddb820
R12=0x0000000000000000, R13=0x0000000016e60018, R14=0x000000000261d900, R15=0x000000000251e000
RIP=0x00007ffaac72113c, EFLAGS=0x0000000000010206

Top of Stack: (sp=0x000000000261d838)
0x000000000261d838:   0000000002737f74 000000000251e000
0x000000000261d848:   0000000002727da0 0000000002727da0
0x000000000261d858:   0000000002737ceb 0000000000000258
0x000000000261d868:   0000000000000258 000000000251e000
0x000000000261d878:   000000000251e000 0000000002737ca2
0x000000000261d888:   000000000261d888 0000000016e60018
0x000000000261d898:   000000000261d900 0000000016e6d828
0x000000000261d8a8:   0000000000000000 0000000016e60018
0x000000000261d8b8:   0000000000000000 000000000261d8e8
0x000000000261d8c8:   000000000261d948 000000000272835d
0x000000000261d8d8:   00000000d61ee390 00000000027319d8
0x000000000261d8e8:   0000000000000258 0000000000000258
0x000000000261d8f8:   0000000000000000 0000000000000000
0x000000000261d908:   000000000261d908 0000000016e600b4
0x000000000261d918:   000000000261d970 0000000016e6d828
0x000000000261d928:   0000000000000000 0000000016e600f8 

Instructions: (pc=0x00007ffaac72113c)
0x00007ffaac72111c:   cc cc cc cc 40 53 48 8b 01 41 8b d8 44 8b 44 24
0x00007ffaac72112c:   30 41 8b d1 44 8b 4c 24 38 8b cb 4c 8b 50 18 5b
0x00007ffaac72113c:   49 ff a2 e8 40 00 00 cc cc cc cc cc cc cc cc cc
0x00007ffaac72114c:   cc cc cc cc 40 53 48 83 ec 50 48 8b 01 41 8b d8 


Register to memory mapping:

RAX=0x000000007434fd50 is an unknown value
RBX={method} {0x0000000016e60020} 'nglViewport' '(IIII)V' in 'org/lwjgl/opengl/GL11'
RCX=0x0000000000000000 is an unknown value
RDX=0x0000000000000000 is an unknown value
RSP=0x000000000261d838 is pointing into the stack for thread: 0x000000000251e000
RBP=0x000000000261d8c8 is pointing into the stack for thread: 0x000000000251e000
RSI=0x000000000251e000 is a thread
RDI=0x0000000002727da0 is at code_begin+832 in an Interpreter codelet
invoke return entry points  [0x0000000002727a60, 0x0000000002728440]  2528 bytes
R8 =0x0000000000000258 is an unknown value
R9 =0x0000000000000258 is an unknown value
R10=0x0000000000000000 is an unknown value
R11=0x0000000073ddb820 is an unknown value
R12=0x0000000000000000 is an unknown value
R13={method} {0x0000000016e60020} 'nglViewport' '(IIII)V' in 'org/lwjgl/opengl/GL11'
R14=0x000000000261d900 is pointing into the stack for thread: 0x000000000251e000
R15=0x000000000251e000 is a thread


Stack: [0x0000000002520000,0x0000000002620000],  sp=0x000000000261d838,  free space=1014k
Native frames: (J=compiled Java code, j=interpreted, Vv=VM code, C=native code)
C  [lwjgl_opengl.dll+0x1113c]
C  0x0000000002737f74

Java frames: (J=compiled Java code, j=interpreted, Vv=VM code)
j  org.lwjgl.opengl.GL11.nglViewport(IIII)V+0
j  org.lwjgl.opengl.GL11.glViewport(IIII)V+4
j  net.codepixl.t2de.T2DE.lambda$run$2(JII)V+16
j  net.codepixl.t2de.T2DE$$Lambda$6.invoke(JII)V+4
j  org.lwjgl.glfw.GLFWWindowSizeCallbackI.callback(J)V+13
v  ~StubRoutines::call_stub
j  org.lwjgl.system.JNI.invokePV(JJ)V+0
j  org.lwjgl.glfw.GLFW.glfwShowWindow(J)V+20
j  net.codepixl.t2de.T2DE.run()V+273
j  net.codepixl.t2de.T2DE.main([Ljava/lang/String;)V+7
v  ~StubRoutines::call_stub
j  sun.reflect.NativeMethodAccessorImpl.invoke0(Ljava/lang/reflect/Method;Ljava/lang/Object;[Ljava/lang/Object;)Ljava/lang/Object;+0
j  sun.reflect.NativeMethodAccessorImpl.invoke(Ljava/lang/Object;[Ljava/lang/Object;)Ljava/lang/Object;+100
j  sun.reflect.DelegatingMethodAccessorImpl.invoke(Ljava/lang/Object;[Ljava/lang/Object;)Ljava/lang/Object;+6
j  java.lang.reflect.Method.invoke(Ljava/lang/Object;[Ljava/lang/Object;)Ljava/lang/Object;+56
j  com.intellij.rt.execution.application.AppMain.main([Ljava/lang/String;)V+170
v  ~StubRoutines::call_stub

---------------  P R O C E S S  ---------------

Java Threads: ( => current thread )
  0x0000000018d4d800 JavaThread "Monitor Ctrl-Break" daemon [_thread_in_native, id=6468, stack(0x0000000019200000,0x0000000019300000)]
  0x0000000018c06000 JavaThread "Service Thread" daemon [_thread_blocked, id=9676, stack(0x0000000019000000,0x0000000019100000)]
  0x00000000172fb800 JavaThread "C1 CompilerThread2" daemon [_thread_blocked, id=5588, stack(0x0000000018b00000,0x0000000018c00000)]
  0x00000000172a2800 JavaThread "C2 CompilerThread1" daemon [_thread_blocked, id=7980, stack(0x0000000018a00000,0x0000000018b00000)]
  0x000000001729e000 JavaThread "C2 CompilerThread0" daemon [_thread_blocked, id=8128, stack(0x0000000018900000,0x0000000018a00000)]
  0x000000001729c800 JavaThread "Attach Listener" daemon [_thread_blocked, id=5956, stack(0x0000000018800000,0x0000000018900000)]
  0x000000001729b000 JavaThread "Signal Dispatcher" daemon [_thread_blocked, id=11500, stack(0x0000000018700000,0x0000000018800000)]
  0x000000000271d800 JavaThread "Finalizer" daemon [_thread_blocked, id=6012, stack(0x0000000018510000,0x0000000018610000)]
  0x0000000002712000 JavaThread "Reference Handler" daemon [_thread_blocked, id=11560, stack(0x0000000018410000,0x0000000018510000)]
=>0x000000000251e000 JavaThread "main" [_thread_in_native, id=2276, stack(0x0000000002520000,0x0000000002620000)]

Other Threads:
  0x0000000017266800 VMThread [stack: 0x0000000018310000,0x0000000018410000] [id=8424]
  0x0000000018c32000 WatcherThread [stack: 0x0000000019100000,0x0000000019200000] [id=8272]

VM state:not at safepoint (normal execution)

VM Mutex/Monitor currently owned by a thread: None

Heap:
 PSYoungGen      total 38400K, used 7467K [0x00000000d5b80000, 0x00000000d8600000, 0x0000000100000000)
  eden space 33280K, 22% used [0x00000000d5b80000,0x00000000d62caf80,0x00000000d7c00000)
  from space 5120K, 0% used [0x00000000d8100000,0x00000000d8100000,0x00000000d8600000)
  to   space 5120K, 0% used [0x00000000d7c00000,0x00000000d7c00000,0x00000000d8100000)
 ParOldGen       total 87552K, used 0K [0x0000000081200000, 0x0000000086780000, 0x00000000d5b80000)
  object space 87552K, 0% used [0x0000000081200000,0x0000000081200000,0x0000000086780000)
 Metaspace       used 6261K, capacity 6424K, committed 6656K, reserved 1056768K
  class space    used 664K, capacity 738K, committed 768K, reserved 1048576K

Card table byte_map: [0x0000000011ae0000,0x0000000011ee0000] byte_map_base: 0x00000000116d7000

Marking Bits: (ParMarkBitMap*) 0x00000000743cb6d0
 Begin Bits: [0x0000000012590000, 0x0000000014548000)
 End Bits:   [0x0000000014548000, 0x0000000016500000)

Polling page: 0x0000000000920000

CodeCache: size=245760Kb used=2206Kb max_used=2206Kb free=243553Kb
 bounds [0x0000000002720000, 0x0000000002990000, 0x0000000011720000]
 total_blobs=1150 nmethods=444 adapters=619
 compilation: enabled

Compilation events (10 events):
Event: 0.720 Thread 0x00000000172fb800 nmethod 437 0x0000000002943a10 code [0x0000000002943c20, 0x0000000002944878]
Event: 0.720 Thread 0x00000000172fb800  438       3       java.nio.HeapByteBuffer::put (167 bytes)
Event: 0.722 Thread 0x00000000172fb800 nmethod 438 0x0000000002944e90 code [0x0000000002945100, 0x00000000029464f8]
Event: 0.722 Thread 0x00000000172fb800  440       3       sun.security.provider.DigestBase::implCompressMultiBlock (23 bytes)
Event: 0.722 Thread 0x00000000172fb800 nmethod 440 0x00000000029469d0 code [0x0000000002946b40, 0x0000000002946e28]
Event: 0.722 Thread 0x00000000172fb800  439       3       java.nio.DirectByteBuffer::get (126 bytes)
Event: 0.723 Thread 0x00000000172fb800 nmethod 439 0x0000000002946f10 code [0x00000000029470e0, 0x0000000002947888]
Event: 0.725 Thread 0x00000000172fb800  442       3       sun.misc.URLClassPath::access$100 (7 bytes)
Event: 0.725 Thread 0x00000000172fb800 nmethod 442 0x0000000002947bd0 code [0x0000000002947d40, 0x0000000002947ea8]
Event: 0.728 Thread 0x00000000172fb800  444       3       java.io.InputStream::<init> (5 bytes)

GC Heap History (0 events):
No events

Deoptimization events (1 events):
Event: 0.180 Thread 0x000000000251e000 Uncommon trap: reason=unstable_if action=reinterpret pc=0x0000000002846bf8 method=java.lang.String.hashCode()I @ 14

Internal exceptions (10 events):
Event: 0.290 Thread 0x000000000251e000 Exception <a 'java/security/PrivilegedActionException'> (0x00000000d6004ef8) thrown at [C:\re\workspace\8-2-build-windows-amd64-cygwin\jdk8u121\8372\hotspot\src\share\vm\prims\jvm.cpp, line 1390]
Event: 0.290 Thread 0x000000000251e000 Exception <a 'java/security/PrivilegedActionException'> (0x00000000d60052f0) thrown at [C:\re\workspace\8-2-build-windows-amd64-cygwin\jdk8u121\8372\hotspot\src\share\vm\prims\jvm.cpp, line 1390]
Event: 0.291 Thread 0x000000000251e000 Exception <a 'java/security/PrivilegedActionException'> (0x00000000d60093e8) thrown at [C:\re\workspace\8-2-build-windows-amd64-cygwin\jdk8u121\8372\hotspot\src\share\vm\prims\jvm.cpp, line 1390]
Event: 0.291 Thread 0x000000000251e000 Exception <a 'java/security/PrivilegedActionException'> (0x00000000d60097e0) thrown at [C:\re\workspace\8-2-build-windows-amd64-cygwin\jdk8u121\8372\hotspot\src\share\vm\prims\jvm.cpp, line 1390]
Event: 0.724 Thread 0x000000000251e000 Exception <a 'sun/nio/fs/WindowsException'> (0x00000000d62424e0) thrown at [C:\re\workspace\8-2-build-windows-amd64-cygwin\jdk8u121\8372\hotspot\src\share\vm\prims\jni.cpp, line 709]
Event: 0.724 Thread 0x000000000251e000 Exception <a 'sun/nio/fs/WindowsException'> (0x00000000d6242cc8) thrown at [C:\re\workspace\8-2-build-windows-amd64-cygwin\jdk8u121\8372\hotspot\src\share\vm\prims\jni.cpp, line 709]
Event: 0.725 Thread 0x000000000251e000 Exception <a 'sun/nio/fs/WindowsException'> (0x00000000d62449d8) thrown at [C:\re\workspace\8-2-build-windows-amd64-cygwin\jdk8u121\8372\hotspot\src\share\vm\prims\jni.cpp, line 709]
Event: 0.725 Thread 0x000000000251e000 Exception <a 'sun/nio/fs/WindowsException'> (0x00000000d6244f00) thrown at [C:\re\workspace\8-2-build-windows-amd64-cygwin\jdk8u121\8372\hotspot\src\share\vm\prims\jni.cpp, line 709]
Event: 0.725 Thread 0x000000000251e000 Exception <a 'sun/nio/fs/WindowsException'> (0x00000000d62458d8) thrown at [C:\re\workspace\8-2-build-windows-amd64-cygwin\jdk8u121\8372\hotspot\src\share\vm\prims\jni.cpp, line 709]
Event: 0.725 Thread 0x000000000251e000 Exception <a 'sun/nio/fs/WindowsException'> (0x00000000d6245d68) thrown at [C:\re\workspace\8-2-build-windows-amd64-cygwin\jdk8u121\8372\hotspot\src\share\vm\prims\jni.cpp, line 709]

Events (10 events):
Event: 0.724 loading class java/nio/file/NoSuchFileException
Event: 0.724 loading class java/nio/file/FileSystemException
Event: 0.724 loading class java/nio/file/FileSystemException done
Event: 0.724 loading class java/nio/file/NoSuchFileException done
Event: 0.725 loading class org/lwjgl/opengl/GL$1
Event: 0.725 loading class org/lwjgl/opengl/GL$1 done
Event: 0.727 loading class org/lwjgl/opengl/GL$SharedLibraryGL
Event: 0.727 loading class org/lwjgl/opengl/GL$SharedLibraryGL done
Event: 0.727 loading class org/lwjgl/system/SharedLibrary$Delegate
Event: 0.727 loading class org/lwjgl/system/SharedLibrary$Delegate done


Dynamic libraries:
0x00007ff732ce0000 - 0x00007ff732d17000 	C:\Program Files\Java\jdk1.8.0_121\bin\java.exe
0x00007ffabb3d0000 - 0x00007ffabb5a1000 	C:\Windows\SYSTEM32\ntdll.dll
0x00007ffab8f40000 - 0x00007ffab8feb000 	C:\Windows\System32\KERNEL32.DLL
0x00007ffab8450000 - 0x00007ffab866d000 	C:\Windows\System32\KERNELBASE.dll
0x00007ffab8d90000 - 0x00007ffab8e32000 	C:\Windows\System32\ADVAPI32.dll
0x00007ffabb170000 - 0x00007ffabb20e000 	C:\Windows\System32\msvcrt.dll
0x00007ffab8e40000 - 0x00007ffab8e99000 	C:\Windows\System32\sechost.dll
0x00007ffabb2a0000 - 0x00007ffabb3c1000 	C:\Windows\System32\RPCRT4.dll
0x00007ffabab50000 - 0x00007ffabacb5000 	C:\Windows\System32\USER32.dll
0x00007ffab8290000 - 0x00007ffab82ae000 	C:\Windows\System32\win32u.dll
0x00007ffab9050000 - 0x00007ffab9084000 	C:\Windows\System32\GDI32.dll
0x00007ffab86d0000 - 0x00007ffab8852000 	C:\Windows\System32\gdi32full.dll
0x00007ffaa18e0000 - 0x00007ffaa1b59000 	C:\Windows\WinSxS\amd64_microsoft.windows.common-controls_6595b64144ccf1df_6.0.14393.447_none_42191651c6827bb3\COMCTL32.dll
0x00007ffab9090000 - 0x00007ffab9358000 	C:\Windows\System32\combase.dll
0x00007ffab82b0000 - 0x00007ffab83a5000 	C:\Windows\System32\ucrtbase.dll
0x00007ffab78c0000 - 0x00007ffab792a000 	C:\Windows\System32\bcryptPrimitives.dll
0x00007ffabacc0000 - 0x00007ffabacee000 	C:\Windows\System32\IMM32.DLL
0x0000000074450000 - 0x0000000074522000 	C:\Program Files\Java\jdk1.8.0_121\jre\bin\msvcr100.dll
0x0000000073bb0000 - 0x000000007444b000 	C:\Program Files\Java\jdk1.8.0_121\jre\bin\server\jvm.dll
0x00007ffabb160000 - 0x00007ffabb168000 	C:\Windows\System32\PSAPI.DLL
0x00007ffa8eb90000 - 0x00007ffa8eb99000 	C:\Windows\SYSTEM32\WSOCK32.dll
0x00007ffab5880000 - 0x00007ffab58a3000 	C:\Windows\SYSTEM32\WINMM.dll
0x00007ffaba970000 - 0x00007ffaba9da000 	C:\Windows\System32\WS2_32.dll
0x00007ffaab370000 - 0x00007ffaab37a000 	C:\Windows\SYSTEM32\VERSION.dll
0x00007ffab5820000 - 0x00007ffab584b000 	C:\Windows\SYSTEM32\WINMMBASE.dll
0x00007ffab8860000 - 0x00007ffab88a2000 	C:\Windows\System32\cfgmgr32.dll
0x0000000073ba0000 - 0x0000000073baf000 	C:\Program Files\Java\jdk1.8.0_121\jre\bin\verify.dll
0x0000000073b70000 - 0x0000000073b99000 	C:\Program Files\Java\jdk1.8.0_121\jre\bin\java.dll
0x0000000073b50000 - 0x0000000073b66000 	C:\Program Files\Java\jdk1.8.0_121\jre\bin\zip.dll
0x00007ffab9460000 - 0x00007ffaba969000 	C:\Windows\System32\SHELL32.dll
0x00007ffab79e0000 - 0x00007ffab80ba000 	C:\Windows\System32\windows.storage.dll
0x00007ffab7860000 - 0x00007ffab78ac000 	C:\Windows\System32\powrprof.dll
0x00007ffabadc0000 - 0x00007ffabae12000 	C:\Windows\System32\shlwapi.dll
0x00007ffab7850000 - 0x00007ffab785f000 	C:\Windows\System32\kernel.appcore.dll
0x00007ffab7930000 - 0x00007ffab79d9000 	C:\Windows\System32\shcore.dll
0x00007ffab7830000 - 0x00007ffab7844000 	C:\Windows\System32\profapi.dll
0x00007ffab59c0000 - 0x00007ffab59d0000 	C:\Users\aaron\AppData\Local\JetBrains\Toolbox\apps\IDEA-U\ch-0\163.12024.16\bin\breakgen64.dll
0x0000000073b30000 - 0x0000000073b4a000 	C:\Program Files\Java\jdk1.8.0_121\jre\bin\net.dll
0x00007ffab7160000 - 0x00007ffab71bc000 	C:\Windows\system32\mswsock.dll
0x0000000073b10000 - 0x0000000073b21000 	C:\Program Files\Java\jdk1.8.0_121\jre\bin\nio.dll
0x00007ffaacac0000 - 0x00007ffaacb17000 	C:\Users\aaron\AppData\Local\Temp\lwjglaaron\3.1.1-build-16\lwjgl.dll
0x00007ffab7300000 - 0x00007ffab730b000 	C:\Windows\SYSTEM32\CRYPTBASE.DLL
0x00007ffaad490000 - 0x00007ffaad4ce000 	C:\Users\aaron\AppData\Local\Temp\lwjglaaron\3.1.1-build-16\jemalloc.dll
0x00007ffaaceb0000 - 0x00007ffaaceec000 	C:\Users\aaron\AppData\Local\Temp\lwjglaaron\3.1.1-build-16\glfw.dll
0x00007ffab5ea0000 - 0x00007ffab5f35000 	C:\Windows\system32\uxtheme.dll
0x00007ffaac770000 - 0x00007ffaac7b0000 	C:\Windows\SYSTEM32\dinput8.dll
0x00007ffab2000000 - 0x00007ffab200e000 	C:\Windows\SYSTEM32\xinput1_4.dll
0x00007ffab6410000 - 0x00007ffab6438000 	C:\Windows\SYSTEM32\DEVOBJ.dll
0x00007ffab4f70000 - 0x00007ffab4f96000 	C:\Windows\SYSTEM32\dwmapi.dll
0x00007ffa9a2c0000 - 0x00007ffa9a358000 	C:\Program Files\Common Files\microsoft shared\ink\tiptsf.dll
0x00007ffabacf0000 - 0x00007ffabadaf000 	C:\Windows\System32\OLEAUT32.dll
0x00007ffab83b0000 - 0x00007ffab844c000 	C:\Windows\System32\msvcp_win.dll
0x00007ffab6720000 - 0x00007ffab672c000 	C:\Windows\SYSTEM32\HID.DLL
0x00007ffab8960000 - 0x00007ffab8d89000 	C:\Windows\System32\SETUPAPI.DLL
0x00007ffab8670000 - 0x00007ffab86c5000 	C:\Windows\System32\WINTRUST.dll
0x00007ffab78b0000 - 0x00007ffab78c0000 	C:\Windows\System32\MSASN1.dll
0x00007ffab80c0000 - 0x00007ffab8289000 	C:\Windows\System32\CRYPT32.dll
0x00007ffaba9f0000 - 0x00007ffabab4b000 	C:\Windows\System32\MSCTF.dll
0x00007ffa99650000 - 0x00007ffa99773000 	C:\Windows\SYSTEM32\opengl32.dll
0x00007ffaad610000 - 0x00007ffaad63d000 	C:\Windows\SYSTEM32\GLU32.dll
0x00007ffaa1020000 - 0x00007ffaa1117000 	C:\Windows\SYSTEM32\DDRAW.dll
0x00007ffab1fd0000 - 0x00007ffab1fd8000 	C:\Windows\SYSTEM32\DCIMAN32.dll
0x00007ffa65e20000 - 0x00007ffa66b2f000 	C:\Windows\SYSTEM32\ig9icd64.dll
0x00007ffab2050000 - 0x00007ffab2ec3000 	C:\Windows\SYSTEM32\igc64.dll
0x00007ffab5a50000 - 0x00007ffab5a63000 	C:\Windows\SYSTEM32\WTSAPI32.dll
0x00007ffaac710000 - 0x00007ffaac76f000 	C:\Users\aaron\AppData\Local\Temp\lwjglaaron\3.1.1-build-16\lwjgl_opengl.dll
0x00007ffab4910000 - 0x00007ffab4aa2000 	C:\Windows\SYSTEM32\dbghelp.dll

VM Arguments:
jvm_args: -Didea.launcher.port=7538 -Didea.launcher.bin.path=C:\Users\aaron\AppData\Local\JetBrains\Toolbox\apps\IDEA-U\ch-0\163.12024.16\bin -Dfile.encoding=UTF-8 
java_command: com.intellij.rt.execution.application.AppMain net.codepixl.t2de.T2DE
java_class_path (initial): C:\Program Files\Java\jdk1.8.0_121\jre\lib\charsets.jar;C:\Program Files\Java\jdk1.8.0_121\jre\lib\deploy.jar;C:\Program Files\Java\jdk1.8.0_121\jre\lib\ext\access-bridge-64.jar;C:\Program Files\Java\jdk1.8.0_121\jre\lib\ext\cldrdata.jar;C:\Program Files\Java\jdk1.8.0_121\jre\lib\ext\dnsns.jar;C:\Program Files\Java\jdk1.8.0_121\jre\lib\ext\jaccess.jar;C:\Program Files\Java\jdk1.8.0_121\jre\lib\ext\jfxrt.jar;C:\Program Files\Java\jdk1.8.0_121\jre\lib\ext\localedata.jar;C:\Program Files\Java\jdk1.8.0_121\jre\lib\ext\nashorn.jar;C:\Program Files\Java\jdk1.8.0_121\jre\lib\ext\sunec.jar;C:\Program Files\Java\jdk1.8.0_121\jre\lib\ext\sunjce_provider.jar;C:\Program Files\Java\jdk1.8.0_121\jre\lib\ext\sunmscapi.jar;C:\Program Files\Java\jdk1.8.0_121\jre\lib\ext\sunpkcs11.jar;C:\Program Files\Java\jdk1.8.0_121\jre\lib\ext\zipfs.jar;C:\Program Files\Java\jdk1.8.0_121\jre\lib\javaws.jar;C:\Program Files\Java\jdk1.8.0_121\jre\lib\jce.jar;C:\Program Files\Java\jdk1.8.0_121\jre\lib\jfr.jar;C:\Program Files\Java\jdk1.8.0_121\jre\lib\jfxswt.jar;C:\Program Files\Java\jdk1.8.0_121\jre\lib\jsse.jar;C:\Program Files\Java\jdk1.8.0_121\jre\lib\management-agent.jar;C:\Program Files\Java\jdk1.8.0_121\jre\lib\plugin.jar;C:\Program Files\Java\jdk1.8.0_121\jre\lib\resources.jar;C:\Program Files\Java\jdk1.8.0_121\jre\lib\rt.jar;C:\Users\aaron\workspace\T2DE\target\classes;C:\Users\aaron\.m2\repository\org\lwjgl\lwjgl\3.1.1\lwjgl-3.1.1.jar;C:\Users\aaron\.m2\repository\org\lwjgl\lwjgl-glfw\3.1.1\lwjgl-glfw-3.1.1.jar;C:\Users\aaron\.m2\repository\org\lwjgl\lwjgl-jemalloc\3.1.1\lwjgl-jemalloc-3.1.1.jar;C:\Users\aaron\.m2\repository\org\lwjgl\lwjgl-openal\3.1.1\lwjgl-openal-3.1.1.jar;C:\Users\aaron\.m2\repository\org\lwjgl\lwjgl-opengl\3.1.1\lwjgl-opengl-3.1.1.jar;C:\Users\aaron\.m2\repository\org\lwjgl\lwjgl-stb\3.1.1\lwjgl-stb-3.1.1.jar;C:\Users\aaron\.m2\repository\org\lwjgl\lwjgl\3.1.1\lwjgl-3.1.1-natives-windows.jar;C:\Users\aaron\.m2\repository\org\lwjgl\lwjgl-gl
Launcher Type: SUN_STANDARD

Environment Variables:
PATH=C:\ProgramData\Oracle\Java\javapath;C:\Windows\system32;C:\Windows;C:\Windows\System32\Wbem;C:\Windows\System32\WindowsPowerShell\v1.0\;C:\Program Files\OpenVPN\bin;C:\Program Files\Git\cmd;C:\Program Files (x86)\GtkSharp\2.12\bin;C:\cygwin64\bin;C:\Users\aaron\AppData\Local\Programs\Python\Python36\Scripts\;C:\Users\aaron\AppData\Local\Programs\Python\Python36\;C:\Users\aaron\AppData\Local\Microsoft\WindowsApps;
USERNAME=aaron
OS=Windows_NT
PROCESSOR_IDENTIFIER=Intel64 Family 6 Model 78 Stepping 3, GenuineIntel



---------------  S Y S T E M  ---------------

OS: Windows 10.0 , 64 bit Build 14393 (10.0.14393.0)

CPU:total 4 (2 cores per cpu, 2 threads per core) family 6 model 78 stepping 3, cmov, cx8, fxsr, mmx, sse, sse2, sse3, ssse3, sse4.1, sse4.2, popcnt, avx, avx2, aes, clmul, erms, rtm, 3dnowpref, lzcnt, ht, tsc, tscinvbit, bmi1, bmi2, adx

Memory: 4k page, physical 8312960k(3453488k free), swap 9623680k(2432616k free)

vm_info: Java HotSpot(TM) 64-Bit Server VM (25.121-b13) for windows-amd64 JRE (1.8.0_121-b13), built on Dec 12 2016 18:21:36 by "java_re" with MS VC++ 10.0 (VS2010)

time: Mon Feb 27 14:10:10 2017
elapsed time: 0 seconds (0d 0h 0m 0s)

